<?xml version="1.0" encoding="UTF-8"?>
<testng-results skipped="0" failed="0" total="1" passed="1">
  <reporter-output>
  </reporter-output>
  <suite name="Suite" duration-ms="1743" started-at="2017-08-21T03:38:47Z" finished-at="2017-08-21T03:38:49Z">
    <groups>
      <group name="cucumber">
        <method signature="AbstractTestNGCucumberTests.feature(cucumber.api.testng.CucumberFeatureWrapper)[pri:0, instance:com.practo.uiAutomation.testRunner.TestRunner@3c0ecd4b]" name="feature" class="cucumber.api.testng.AbstractTestNGCucumberTests"/>
      </group> <!-- cucumber -->
    </groups>
    <test name="LoginTest" duration-ms="1743" started-at="2017-08-21T03:38:47Z" finished-at="2017-08-21T03:38:49Z">
      <class name="com.practo.uiAutomation.testRunner.TestRunner">
        <test-method status="PASS" signature="setUpClass()[pri:0, instance:com.practo.uiAutomation.testRunner.TestRunner@3c0ecd4b]" name="setUpClass" is-config="true" duration-ms="1033" started-at="2017-08-21T09:08:47Z" finished-at="2017-08-21T09:08:48Z">
          <reporter-output>
          </reporter-output>
        </test-method> <!-- setUpClass -->
        <test-method status="PASS" signature="feature(cucumber.api.testng.CucumberFeatureWrapper)[pri:0, instance:com.practo.uiAutomation.testRunner.TestRunner@3c0ecd4b]" name="feature" duration-ms="397" started-at="2017-08-21T09:08:49Z" description="Runs Cucumber Feature" data-provider="features" finished-at="2017-08-21T09:08:49Z">
          <params>
            <param index="0">
              <value>
                <![CDATA[Feature - Login with valid credentials]]>
              </value>
            </param>
          </params>
          <reporter-output>
          </reporter-output>
        </test-method> <!-- feature -->
        <test-method status="PASS" signature="tearDownClass()[pri:0, instance:com.practo.uiAutomation.testRunner.TestRunner@3c0ecd4b]" name="tearDownClass" is-config="true" duration-ms="11" started-at="2017-08-21T09:08:49Z" finished-at="2017-08-21T09:08:49Z">
          <reporter-output>
          </reporter-output>
        </test-method> <!-- tearDownClass -->
      </class> <!-- com.practo.uiAutomation.testRunner.TestRunner -->
    </test> <!-- LoginTest -->
  </suite> <!-- Suite -->
</testng-results>
